<?xml version="1.0" encoding="UTF-8"?>
<!-- Generated by org.testng.reporters.JUnitReportReporter -->
<testsuite hostname="shankar" failures="0" tests="1" name="com.CapstoneProject1.homepage" time="45.075" errors="0" timestamp="2024-08-08T12:10:54 IST" skipped="0">
  <testcase classname="com.CapstoneProject1.homepage" name="navigateJPetStore" time="45.075"/>
</testsuite> <!-- com.CapstoneProject1.homepage -->
