<?xml version="1.0" encoding="UTF-8"?>
<!-- Generated by org.testng.reporters.JUnitReportReporter -->
<testsuite hostname="shankar" failures="0" tests="3" name="com.CapstoneProject1.login" time="17.035" errors="0" timestamp="2024-08-05T16:55:29 IST" skipped="0">
  <testcase classname="com.CapstoneProject1.login" name="testInvalidUsernameandpassword" time="8.004"/>
  <testcase classname="com.CapstoneProject1.login" name="testLogin" time="1.287"/>
  <testcase classname="com.CapstoneProject1.login" name="testEmptyusernameandpassword" time="7.744"/>
</testsuite> <!-- com.CapstoneProject1.login -->
