<?xml version="1.0" encoding="UTF-8"?>
<!-- Generated by org.testng.reporters.JUnitReportReporter -->
<testsuite hostname="shankar" failures="0" tests="2" name="com.CapstoneProject1.register" time="30.134" errors="0" timestamp="2024-08-08T16:08:33 IST" skipped="0">
  <testcase classname="com.CapstoneProject1.register" name="testRegistration" time="11.077"/>
  <testcase classname="com.CapstoneProject1.register" name="testRegistration" time="19.057"/>
</testsuite> <!-- com.CapstoneProject1.register -->
