<?xml version="1.0" encoding="UTF-8"?>
<!-- Generated by org.testng.reporters.JUnitReportReporter -->
<testsuite hostname="shankar" failures="0" tests="1" name="com.CapstoneProject1.payment" time="25.196" errors="0" timestamp="2024-08-08T20:24:43 IST" skipped="0">
  <testcase classname="com.CapstoneProject1.payment" name="testOrderProcess" time="25.196"/>
</testsuite> <!-- com.CapstoneProject1.payment -->
