<?xml version="1.0" encoding="UTF-8"?>
<!-- Generated by org.testng.reporters.JUnitReportReporter -->
<testsuite hostname="shankar" failures="0" tests="1" name="com.CapstoneProject1.accountdetails" time="12.737" errors="0" timestamp="2024-08-05T16:36:39 IST" skipped="0">
  <testcase classname="com.CapstoneProject1.accountdetails" name="testLoginAndViewAccountDetails" time="12.737"/>
</testsuite> <!-- com.CapstoneProject1.accountdetails -->
