<?xml version="1.0" encoding="UTF-8"?>
<!-- Generated by org.testng.reporters.JUnitReportReporter -->
<testsuite hostname="shankar" failures="0" tests="1" name="cart.CartRunnerWrapper" time="100.430" errors="0" timestamp="2024-08-08T20:22:37 IST" skipped="0">
  <testcase classname="cart.CartRunnerWrapper" name="runCart" time="100.430"/>
</testsuite> <!-- cart.CartRunnerWrapper -->
