<?xml version="1.0" encoding="UTF-8"?>
<!-- Generated by org.testng.reporters.JUnitReportReporter -->
<testsuite hostname="shankar" failures="0" tests="1" name="com.CapstoneProject1.productdetails" time="64.619" errors="0" timestamp="2024-07-31T15:43:01 IST" skipped="0">
  <testcase classname="com.CapstoneProject1.productdetails" name="testProductDetails" time="64.619"/>
</testsuite> <!-- com.CapstoneProject1.productdetails -->
