<?xml version="1.0" encoding="UTF-8"?>
<!-- Generated by org.testng.reporters.JUnitReportReporter -->
<testsuite hostname="shankar" failures="0" tests="6" name="com.CapstoneProject1.search" time="47.599" errors="0" timestamp="2024-07-31T15:43:01 IST" skipped="0">
  <testcase classname="com.CapstoneProject1.search" name="findsearchbox" time="3.355"/>
  <testcase classname="com.CapstoneProject1.search" name="sendkeys" time="3.301"/>
  <testcase classname="com.CapstoneProject1.search" name="searchbox" time="14.462"/>
  <testcase classname="com.CapstoneProject1.search" name="validsearch" time="1.445"/>
  <testcase classname="com.CapstoneProject1.search" name="emptysearch" time="13.431"/>
  <testcase classname="com.CapstoneProject1.search" name="invalidsearch" time="11.605"/>
</testsuite> <!-- com.CapstoneProject1.search -->
